{
  "stats": {
    "suites": 1,
    "tests": 1,
    "passes": 1,
    "pending": 0,
    "failures": 0,
    "start": "2022-08-16T07:39:29.294Z",
    "end": "2022-08-16T07:39:51.752Z",
    "duration": 22458,
    "testsRegistered": 1,
    "passPercent": 100,
    "pendingPercent": 0,
    "other": 0,
    "hasOther": false,
    "skipped": 0,
    "hasSkipped": false
  },
  "results": [
    {
      "uuid": "905dfb95-c8be-4328-a2b5-2bd054c14148",
      "title": "",
      "fullFile": "cypress\\e2e\\TestDataFromExcel.js",
      "file": "cypress\\e2e\\TestDataFromExcel.js",
      "beforeHooks": [],
      "afterHooks": [],
      "tests": [],
      "suites": [
        {
          "uuid": "88c76084-c6b1-4cb5-8187-56724770e62c",
          "title": "Get Data from Excel sheet",
          "fullFile": "",
          "file": "",
          "beforeHooks": [],
          "afterHooks": [],
          "tests": [
            {
              "title": "Get Data from Excel sheet",
              "fullTitle": "Get Data from Excel sheet Get Data from Excel sheet",
              "timedOut": null,
              "duration": 15473,
              "state": "passed",
              "speed": "slow",
              "pass": true,
              "fail": false,
              "pending": false,
              "context": null,
              "code": "const loginPage = new _LoginPage.default();\nconst dashboardPage = new _DashboardPage.default();\ncy.visit('https://demo.actitime.com/');\nloginPage.getUserNameTextField().type(username);\nloginPage.getPasswordTextField().type(password);\nloginPage.getKeepMeLoggedInCheckbox().check().should('be.checked');\nloginPage.getLoginButton().click();\ndashboardPage.getActiTimeLogo().should('be.visible');\ndashboardPage.getLogoutLink().click();\nloginPage.getLoginButton().should('be.visible');",
              "err": {},
              "uuid": "4eee2d25-faf6-42d0-9007-03d77dfcd3e4",
              "parentUUID": "88c76084-c6b1-4cb5-8187-56724770e62c",
              "isHook": false,
              "skipped": false
            }
          ],
          "suites": [],
          "passes": [
            "4eee2d25-faf6-42d0-9007-03d77dfcd3e4"
          ],
          "failures": [],
          "pending": [],
          "skipped": [],
          "duration": 15473,
          "root": false,
          "rootEmpty": false,
          "_timeout": 2000
        }
      ],
      "passes": [],
      "failures": [],
      "pending": [],
      "skipped": [],
      "duration": 0,
      "root": true,
      "rootEmpty": true,
      "_timeout": 2000
    }
  ],
  "meta": {
    "mocha": {
      "version": "7.0.1"
    },
    "mochawesome": {
      "options": {
        "quiet": false,
        "reportFilename": "mochawesome",
        "saveHtml": false,
        "saveJson": true,
        "consoleReporter": "spec",
        "useInlineDiffs": false,
        "code": true
      },
      "version": "7.1.3"
    },
    "marge": {
      "options": {
        "reportDir": "cypress\\reports\\.jsons",
        "charts": true,
        "reportPageTitle": "My Test Suite",
        "embeddedScreenshots": true,
        "inlineAssets": true,
        "overwrite": false,
        "html": false,
        "json": true
      },
      "version": "6.2.0"
    }
  }
}