{
  "stats": {
    "suites": 1,
    "tests": 1,
    "passes": 1,
    "pending": 0,
    "failures": 0,
    "start": "2022-08-16T07:39:00.848Z",
    "end": "2022-08-16T07:39:08.464Z",
    "duration": 7616,
    "testsRegistered": 1,
    "passPercent": 100,
    "pendingPercent": 0,
    "other": 0,
    "hasOther": false,
    "skipped": 0,
    "hasSkipped": false
  },
  "results": [
    {
      "uuid": "227c64a4-7334-4f1b-a6b8-159800e56000",
      "title": "",
      "fullFile": "cypress\\e2e\\Test7.js",
      "file": "cypress\\e2e\\Test7.js",
      "beforeHooks": [],
      "afterHooks": [],
      "tests": [],
      "suites": [
        {
          "uuid": "2b00af5d-6688-4171-bf8c-99b9aada9683",
          "title": "My Seventh Test Suite",
          "fullFile": "",
          "file": "",
          "beforeHooks": [],
          "afterHooks": [],
          "tests": [
            {
              "title": "My Seventh Test Case",
              "fullTitle": "My Seventh Test Suite My Seventh Test Case",
              "timedOut": null,
              "duration": 5185,
              "state": "passed",
              "speed": "medium",
              "pass": true,
              "fail": false,
              "pending": false,
              "context": null,
              "code": "cy.visit(Cypress.env('url') + '/AutomationPractice/');\ncy.contains('Top').click({\n  force: true\n});\ncy.url().should('include', 'top');",
              "err": {},
              "uuid": "684d0dc7-328a-41fa-b25b-bcfb57544722",
              "parentUUID": "2b00af5d-6688-4171-bf8c-99b9aada9683",
              "isHook": false,
              "skipped": false
            }
          ],
          "suites": [],
          "passes": [
            "684d0dc7-328a-41fa-b25b-bcfb57544722"
          ],
          "failures": [],
          "pending": [],
          "skipped": [],
          "duration": 5185,
          "root": false,
          "rootEmpty": false,
          "_timeout": 2000
        }
      ],
      "passes": [],
      "failures": [],
      "pending": [],
      "skipped": [],
      "duration": 0,
      "root": true,
      "rootEmpty": true,
      "_timeout": 2000
    }
  ],
  "meta": {
    "mocha": {
      "version": "7.0.1"
    },
    "mochawesome": {
      "options": {
        "quiet": false,
        "reportFilename": "mochawesome",
        "saveHtml": false,
        "saveJson": true,
        "consoleReporter": "spec",
        "useInlineDiffs": false,
        "code": true
      },
      "version": "7.1.3"
    },
    "marge": {
      "options": {
        "reportDir": "cypress\\reports\\.jsons",
        "charts": true,
        "reportPageTitle": "My Test Suite",
        "embeddedScreenshots": true,
        "inlineAssets": true,
        "overwrite": false,
        "html": false,
        "json": true
      },
      "version": "6.2.0"
    }
  }
}