{
  "stats": {
    "suites": 1,
    "tests": 1,
    "passes": 1,
    "pending": 0,
    "failures": 0,
    "start": "2022-08-16T07:37:40.522Z",
    "end": "2022-08-16T07:37:47.004Z",
    "duration": 6482,
    "testsRegistered": 1,
    "passPercent": 100,
    "pendingPercent": 0,
    "other": 0,
    "hasOther": false,
    "skipped": 0,
    "hasSkipped": false
  },
  "results": [
    {
      "uuid": "15869f8c-bcf1-4b18-88a8-3978c6977b46",
      "title": "",
      "fullFile": "cypress\\e2e\\Test1.js",
      "file": "cypress\\e2e\\Test1.js",
      "beforeHooks": [],
      "afterHooks": [],
      "tests": [],
      "suites": [
        {
          "uuid": "7270fa1d-5f94-4b60-a2e6-0c14dd4eb9a7",
          "title": "My First Test Suite",
          "fullFile": "",
          "file": "",
          "beforeHooks": [],
          "afterHooks": [],
          "tests": [
            {
              "title": "My First Test Case",
              "fullTitle": "My First Test Suite My First Test Case",
              "timedOut": null,
              "duration": 4175,
              "state": "passed",
              "speed": "fast",
              "pass": true,
              "fail": false,
              "pending": false,
              "context": null,
              "code": "cy.visit(Cypress.env('url') + '/seleniumPractise/#/');\ncy.get('.search-keyword').type('ca');\ncy.wait(2000);\ncy.get('.product').should('have.length', 5);\ncy.get('.product:visible').should('have.length', 4); //parent child chaining\ncy.get('.products').as('productLocator');\ncy.get('@productLocator').find('.product').should('have.length', 4);\ncy.get('@productLocator').find('.product').eq(2).contains('ADD TO CART').click().then(function () {\n  console.log('checking');\n});\ncy.get('@productLocator').find('.product').each(($el, index, $list) => {\n  const textVeg = $el.find('h4.product-name').text();\n  if (textVeg.includes('Cashews')) {\n    cy.wrap($el).find('button').contains('ADD TO CART').click();\n  }\n});\ncy.get('div.brand').then(function (logo) {\n  cy.log(logo.text());\n  cy.get('div.brand').should('have.text', 'GREENKART');\n});",
              "err": {},
              "uuid": "b4776a32-0a1a-40d8-9ac4-ba15f5bb9009",
              "parentUUID": "7270fa1d-5f94-4b60-a2e6-0c14dd4eb9a7",
              "isHook": false,
              "skipped": false
            }
          ],
          "suites": [],
          "passes": [
            "b4776a32-0a1a-40d8-9ac4-ba15f5bb9009"
          ],
          "failures": [],
          "pending": [],
          "skipped": [],
          "duration": 4175,
          "root": false,
          "rootEmpty": false,
          "_timeout": 2000
        }
      ],
      "passes": [],
      "failures": [],
      "pending": [],
      "skipped": [],
      "duration": 0,
      "root": true,
      "rootEmpty": true,
      "_timeout": 2000
    }
  ],
  "meta": {
    "mocha": {
      "version": "7.0.1"
    },
    "mochawesome": {
      "options": {
        "quiet": false,
        "reportFilename": "mochawesome",
        "saveHtml": false,
        "saveJson": true,
        "consoleReporter": "spec",
        "useInlineDiffs": false,
        "code": true
      },
      "version": "7.1.3"
    },
    "marge": {
      "options": {
        "reportDir": "cypress\\reports\\.jsons",
        "charts": true,
        "reportPageTitle": "My Test Suite",
        "embeddedScreenshots": true,
        "inlineAssets": true,
        "overwrite": false,
        "html": false,
        "json": true
      },
      "version": "6.2.0"
    }
  }
}