{
  "stats": {
    "suites": 1,
    "tests": 1,
    "passes": 1,
    "pending": 0,
    "failures": 0,
    "start": "2022-08-16T07:38:12.653Z",
    "end": "2022-08-16T07:38:26.082Z",
    "duration": 13429,
    "testsRegistered": 1,
    "passPercent": 100,
    "pendingPercent": 0,
    "other": 0,
    "hasOther": false,
    "skipped": 0,
    "hasSkipped": false
  },
  "results": [
    {
      "uuid": "cd841e75-4cfb-4fc6-878e-268c61d84670",
      "title": "",
      "fullFile": "cypress\\e2e\\Test4.js",
      "file": "cypress\\e2e\\Test4.js",
      "beforeHooks": [],
      "afterHooks": [],
      "tests": [],
      "suites": [
        {
          "uuid": "86138b5c-6789-4794-a374-42457358bcac",
          "title": "My Fourth Test Suite",
          "fullFile": "",
          "file": "",
          "beforeHooks": [],
          "afterHooks": [],
          "tests": [
            {
              "title": "My Fourth Test Case",
              "fullTitle": "My Fourth Test Suite My Fourth Test Case",
              "timedOut": null,
              "duration": 11450,
              "state": "passed",
              "speed": "slow",
              "pass": true,
              "fail": false,
              "pending": false,
              "context": null,
              "code": "cy.visit(Cypress.env('url') + '/AutomationPractice/');\ncy.get('#alertbtn').click();\ncy.get('#confirmbtn').click(); //window alert\ncy.on('window:alert', str => {\n  //from mocha framework\n  expect(str).to.equal(\"Hello , share this practice page and share your knowledge\");\n}); //window confirm\ncy.on('window:confirm', str => {\n  //from mocha framework\n  expect(str).to.equal(\"Hello , Are you sure you want to confirm?\");\n}); //handle child window- remove target attribute\ncy.get('#opentab').invoke('removeAttr', 'target').click();\ncy.wait(1500);\ncy.url().should('include', 'rahulshettyacademy');\ncy.go('back');",
              "err": {},
              "uuid": "2eb9a1b9-ac7d-4a6b-bae9-3184f47f9378",
              "parentUUID": "86138b5c-6789-4794-a374-42457358bcac",
              "isHook": false,
              "skipped": false
            }
          ],
          "suites": [],
          "passes": [
            "2eb9a1b9-ac7d-4a6b-bae9-3184f47f9378"
          ],
          "failures": [],
          "pending": [],
          "skipped": [],
          "duration": 11450,
          "root": false,
          "rootEmpty": false,
          "_timeout": 2000
        }
      ],
      "passes": [],
      "failures": [],
      "pending": [],
      "skipped": [],
      "duration": 0,
      "root": true,
      "rootEmpty": true,
      "_timeout": 2000
    }
  ],
  "meta": {
    "mocha": {
      "version": "7.0.1"
    },
    "mochawesome": {
      "options": {
        "quiet": false,
        "reportFilename": "mochawesome",
        "saveHtml": false,
        "saveJson": true,
        "consoleReporter": "spec",
        "useInlineDiffs": false,
        "code": true
      },
      "version": "7.1.3"
    },
    "marge": {
      "options": {
        "reportDir": "cypress\\reports\\.jsons",
        "charts": true,
        "reportPageTitle": "My Test Suite",
        "embeddedScreenshots": true,
        "inlineAssets": true,
        "overwrite": false,
        "html": false,
        "json": true
      },
      "version": "6.2.0"
    }
  }
}