{
  "stats": {
    "suites": 1,
    "tests": 1,
    "passes": 1,
    "pending": 0,
    "failures": 0,
    "start": "2022-08-16T07:38:00.420Z",
    "end": "2022-08-16T07:38:09.160Z",
    "duration": 8740,
    "testsRegistered": 1,
    "passPercent": 100,
    "pendingPercent": 0,
    "other": 0,
    "hasOther": false,
    "skipped": 0,
    "hasSkipped": false
  },
  "results": [
    {
      "uuid": "bb0c7aef-642a-4d34-b31d-297eab2e3137",
      "title": "",
      "fullFile": "cypress\\e2e\\Test3.js",
      "file": "cypress\\e2e\\Test3.js",
      "beforeHooks": [],
      "afterHooks": [],
      "tests": [],
      "suites": [
        {
          "uuid": "1f4f30b3-74df-4edd-a3a3-051fd038b268",
          "title": "My Third Test Suite",
          "fullFile": "",
          "file": "",
          "beforeHooks": [],
          "afterHooks": [],
          "tests": [
            {
              "title": "My Third Test Case",
              "fullTitle": "My Third Test Suite My Third Test Case",
              "timedOut": null,
              "duration": 6763,
              "state": "passed",
              "speed": "medium",
              "pass": true,
              "fail": false,
              "pending": false,
              "context": null,
              "code": "cy.visit(Cypress.env('url') + '/AutomationPractice/'); //checkboxes\ncy.get('#checkBoxOption1').check().should('be.checked', 'option1').and('have.value', 'option1');\ncy.get('#checkBoxOption1').uncheck();\ncy.get('input[type=\"checkbox\"]').check(['option2', 'option3']); //static dropdown\ncy.get('select').select('option2').should('have.value', 'option2'); //dynamic dropdown\ncy.get('#autocomplete').type('ind');\ncy.get('.ui-menu-item div').each(($el, index, $list) => {\n  if ($el.text() == 'India') {\n    $el.click(); //or give $el.trigger('click')\n    cy.get('#autocomplete').should('have.value', 'India');\n  }\n}); //Visible &Invisble elements\ncy.get('#displayed-text').should('be.visible');\ncy.get('#hide-textbox').click();\ncy.get('#displayed-text').should('not.be.visible');\ncy.get('#show-textbox').click();\ncy.get('#displayed-text').should('be.visible'); //radio button\ncy.get('[value=\"radio2\"]').check().should('be.checked');",
              "err": {},
              "uuid": "af46e043-78a9-4ac3-afb2-45bd11ebebf9",
              "parentUUID": "1f4f30b3-74df-4edd-a3a3-051fd038b268",
              "isHook": false,
              "skipped": false
            }
          ],
          "suites": [],
          "passes": [
            "af46e043-78a9-4ac3-afb2-45bd11ebebf9"
          ],
          "failures": [],
          "pending": [],
          "skipped": [],
          "duration": 6763,
          "root": false,
          "rootEmpty": false,
          "_timeout": 2000
        }
      ],
      "passes": [],
      "failures": [],
      "pending": [],
      "skipped": [],
      "duration": 0,
      "root": true,
      "rootEmpty": true,
      "_timeout": 2000
    }
  ],
  "meta": {
    "mocha": {
      "version": "7.0.1"
    },
    "mochawesome": {
      "options": {
        "quiet": false,
        "reportFilename": "mochawesome",
        "saveHtml": false,
        "saveJson": true,
        "consoleReporter": "spec",
        "useInlineDiffs": false,
        "code": true
      },
      "version": "7.1.3"
    },
    "marge": {
      "options": {
        "reportDir": "cypress\\reports\\.jsons",
        "charts": true,
        "reportPageTitle": "My Test Suite",
        "embeddedScreenshots": true,
        "inlineAssets": true,
        "overwrite": false,
        "html": false,
        "json": true
      },
      "version": "6.2.0"
    }
  }
}