{
  "stats": {
    "suites": 1,
    "tests": 1,
    "passes": 1,
    "pending": 0,
    "failures": 0,
    "start": "2022-08-16T07:38:48.041Z",
    "end": "2022-08-16T07:38:56.312Z",
    "duration": 8271,
    "testsRegistered": 1,
    "passPercent": 100,
    "pendingPercent": 0,
    "other": 0,
    "hasOther": false,
    "skipped": 0,
    "hasSkipped": false
  },
  "results": [
    {
      "uuid": "c28c0757-9c32-4dbb-bec0-6b30cf1c4e52",
      "title": "",
      "fullFile": "cypress\\e2e\\Test6.js",
      "file": "cypress\\e2e\\Test6.js",
      "beforeHooks": [],
      "afterHooks": [],
      "tests": [],
      "suites": [
        {
          "uuid": "18469292-9540-4711-8c98-d32ab826a747",
          "title": "My Sixth Test Suite",
          "fullFile": "",
          "file": "",
          "beforeHooks": [],
          "afterHooks": [],
          "tests": [
            {
              "title": "My Sixth Test Case",
              "fullTitle": "My Sixth Test Suite My Sixth Test Case",
              "timedOut": null,
              "duration": 5918,
              "state": "passed",
              "speed": "medium",
              "pass": true,
              "fail": false,
              "pending": false,
              "context": null,
              "code": "cy.visit(Cypress.env('url') + '/AutomationPractice/');\ncy.get('div.mouse-hover-content').invoke('show');\ncy.contains('Top').click();\ncy.url().should('include', 'top');",
              "err": {},
              "uuid": "cca8a0b6-927f-4bd6-b2a4-3f56c6d4bd75",
              "parentUUID": "18469292-9540-4711-8c98-d32ab826a747",
              "isHook": false,
              "skipped": false
            }
          ],
          "suites": [],
          "passes": [
            "cca8a0b6-927f-4bd6-b2a4-3f56c6d4bd75"
          ],
          "failures": [],
          "pending": [],
          "skipped": [],
          "duration": 5918,
          "root": false,
          "rootEmpty": false,
          "_timeout": 2000
        }
      ],
      "passes": [],
      "failures": [],
      "pending": [],
      "skipped": [],
      "duration": 0,
      "root": true,
      "rootEmpty": true,
      "_timeout": 2000
    }
  ],
  "meta": {
    "mocha": {
      "version": "7.0.1"
    },
    "mochawesome": {
      "options": {
        "quiet": false,
        "reportFilename": "mochawesome",
        "saveHtml": false,
        "saveJson": true,
        "consoleReporter": "spec",
        "useInlineDiffs": false,
        "code": true
      },
      "version": "7.1.3"
    },
    "marge": {
      "options": {
        "reportDir": "cypress\\reports\\.jsons",
        "charts": true,
        "reportPageTitle": "My Test Suite",
        "embeddedScreenshots": true,
        "inlineAssets": true,
        "overwrite": false,
        "html": false,
        "json": true
      },
      "version": "6.2.0"
    }
  }
}