{
  "stats": {
    "suites": 1,
    "tests": 1,
    "passes": 1,
    "pending": 0,
    "failures": 0,
    "start": "2022-08-10T12:14:08.645Z",
    "end": "2022-08-10T12:14:20.286Z",
    "duration": 11641,
    "testsRegistered": 1,
    "passPercent": 100,
    "pendingPercent": 0,
    "other": 0,
    "hasOther": false,
    "skipped": 0,
    "hasSkipped": false
  },
  "results": [
    {
      "uuid": "9ca6a552-dd42-4bbc-ac84-6714f11a58ff",
      "title": "",
      "fullFile": "cypress\\e2e\\TestFramework.js",
      "file": "cypress\\e2e\\TestFramework.js",
      "beforeHooks": [],
      "afterHooks": [],
      "tests": [],
      "suites": [
        {
          "uuid": "2d89f757-c899-4be4-a600-33fe0fa4ad7d",
          "title": "My Framework Test Suite",
          "fullFile": "",
          "file": "",
          "beforeHooks": [],
          "afterHooks": [],
          "tests": [
            {
              "title": "My Framework Test Case",
              "fullTitle": "My Framework Test Suite My Framework Test Case",
              "timedOut": null,
              "duration": 9704,
              "state": "passed",
              "speed": "medium",
              "pass": true,
              "fail": false,
              "pending": false,
              "context": "{\n  \"title\": \"cypress-mochawesome-reporter-screenshots\",\n  \"value\": [\n    [\n      {\n        \"title\": \"Screenshot\",\n        \"value\": \"\\\\TestFramework.js\\\\My Framework Test Suite -- My Framework Test Case.png\"\n      },\n      {\n        \"title\": \"Screenshot\",\n        \"value\": \"\\\\TestFramework.js\\\\Screenshot taken from test.png\"\n      }\n    ]\n  ]\n}",
              "code": "cy.visit(Cypress.env('url') + '/angularpractice/');\nconst homePage = new _HomePage.default();\nconst productPage = new _ProductPage.default();\nhomePage.getNameTextfield().type(data.name);\nhomePage.getGender().select(data.gender);\nhomePage.getTwoWayDataBinding().should('have.value', data.name);\nhomePage.getNameTextfield().should('have.attr', 'minlength', '2');\nhomePage.getEnterpreneaur().should('be.disabled');\nhomePage.getShopTab().click();\ncy.screenshot();\ndata.productName.forEach(function (element) {\n  cy.selectProduct(element);\n});\nhomePage.getCheckOut().click();\nvar sum = 0;\nproductPage.getProductPriceInCart().each(($el, index, $list) => {\n  const price = $el.text();\n  var res = price.split(\" \");\n  res = res[1].trim();\n  sum = Number(sum) + Number(res);\n}).then(function () {\n  cy.log(sum);\n});\nproductPage.getTotalPriceInCart().then(function (element) {\n  const totalPrice = element.text();\n  var total = totalPrice.split(\" \");\n  total = total[1].trim();\n  expect(Number(sum)).to.equal(Number(total));\n}); // cy.pause()\nproductPage.getCheckOutProduct().click();\nproductPage.getDeliveryLocationTextBox().type(data.country);\nCypress.config('defaultCommandTimeout', 10000);\ncy.contains(data.country).click();\ncy.screenshot('Screenshot taken from test');\nproductPage.getPurchaseButton().click();\nproductPage.getAgreeCheckbox().click({\n  force: true\n});\nproductPage.getPurchaseSuccessMsg().then(function (successMsg) {\n  expect(successMsg.text()).to.contains(data.purchaseSuccessMsg);\n}); //or\nproductPage.getPurchaseSuccessMsg().then(function (element) {\n  const successMsg = element.text();\n  expect(successMsg.includes(data.purchaseSuccessMsg)).to.true;\n});",
              "err": {},
              "uuid": "3c86112a-f839-4a34-8b82-2e59046f804d",
              "parentUUID": "2d89f757-c899-4be4-a600-33fe0fa4ad7d",
              "isHook": false,
              "skipped": false
            }
          ],
          "suites": [],
          "passes": [
            "3c86112a-f839-4a34-8b82-2e59046f804d"
          ],
          "failures": [],
          "pending": [],
          "skipped": [],
          "duration": 9704,
          "root": false,
          "rootEmpty": false,
          "_timeout": 2000
        }
      ],
      "passes": [],
      "failures": [],
      "pending": [],
      "skipped": [],
      "duration": 0,
      "root": true,
      "rootEmpty": true,
      "_timeout": 2000
    }
  ],
  "meta": {
    "mocha": {
      "version": "7.0.1"
    },
    "mochawesome": {
      "options": {
        "quiet": false,
        "reportFilename": "mochawesome",
        "saveHtml": true,
        "saveJson": true,
        "consoleReporter": "spec",
        "useInlineDiffs": false,
        "code": true
      },
      "version": "7.1.3"
    },
    "marge": {
      "options": null,
      "version": "6.2.0"
    }
  }
}